<?xml version="1.0" encoding="UTF-8" ?>
<testsuite errors="0" failures="0" hostname="Hennepins-MacBook-Pro.local" name="auctionhaus.ListingTests" tests="12" time="0.157" timestamp="2012-03-25T03:42:28">
  <properties />
  <testcase classname="auctionhaus.ListingTests" name="testBidBidderNonNullOK" time="0.021" />
  <testcase classname="auctionhaus.ListingTests" name="testRequiredListingFieldsMissingCauseError" time="0.012" />
  <testcase classname="auctionhaus.ListingTests" name="testRequiredListingFieldsOK" time="0.014" />
  <testcase classname="auctionhaus.ListingTests" name="testOptionalListingDescriptionFieldOK" time="0.011" />
  <testcase classname="auctionhaus.ListingTests" name="testListingSellerNullCausesError" time="0.013" />
  <testcase classname="auctionhaus.ListingTests" name="testListingDescriptionFieldOK" time="0.011" />
  <testcase classname="auctionhaus.ListingTests" name="testListingDescriptionFieldOversizeError" time="0.011" />
  <testcase classname="auctionhaus.ListingTests" name="testListingEndDateTimeInFutureOK" time="0.011" />
  <testcase classname="auctionhaus.ListingTests" name="testListingEndDateTimeInPastCausesError" time="0.011" />
  <testcase classname="auctionhaus.ListingTests" name="testListingNameFieldOK" time="0.01" />
  <testcase classname="auctionhaus.ListingTests" name="testListingNameFieldOversizeErrors" time="0.012" />
  <testcase classname="auctionhaus.ListingTests" name="testOptionalWinnerFieldOK" time="0.01" />
  <system-out><![CDATA[]]></system-out>
  <system-err><![CDATA[--Output from testBidBidderNonNullOK--
--Output from testRequiredListingFieldsMissingCauseError--
--Output from testRequiredListingFieldsOK--
--Output from testOptionalListingDescriptionFieldOK--
--Output from testListingSellerNullCausesError--
--Output from testListingDescriptionFieldOK--
--Output from testListingDescriptionFieldOversizeError--
--Output from testListingEndDateTimeInFutureOK--
--Output from testListingEndDateTimeInPastCausesError--
--Output from testListingNameFieldOK--
--Output from testListingNameFieldOversizeErrors--
--Output from testOptionalWinnerFieldOK--
]]></system-err>
</testsuite>
